25-06-16.16:11:41.529 [main            ] INFO  Application            - Starting Application using Java 1.8.0_451 on paida with PID 23700 (E:\测试\实训阶段1\Online-shopping-system\Online-shopping-system-app\target\classes started by 86183 in E:\测试\实训阶段1\Online-shopping-system)
25-06-16.16:11:41.532 [main            ] INFO  Application            - The following 1 profile is active: "dev"
25-06-16.16:11:42.890 [main            ] INFO  TomcatWebServer        - Tomcat initialized with port(s): 8091 (http)
25-06-16.16:11:42.898 [main            ] INFO  Http11NioProtocol      - Initializing ProtocolHandler ["http-nio-8091"]
25-06-16.16:11:42.899 [main            ] INFO  StandardService        - Starting service [Tomcat]
25-06-16.16:11:42.899 [main            ] INFO  StandardEngine         - Starting Servlet engine: [Apache Tomcat/9.0.75]
25-06-16.16:11:43.039 [main            ] INFO  [/]                    - Initializing Spring embedded WebApplicationContext
25-06-16.16:11:43.039 [main            ] INFO  ServletWebServerApplicationContext - Root WebApplicationContext: initialization completed in 1471 ms
25-06-16.16:11:43.501 [main            ] INFO  Http11NioProtocol      - Starting ProtocolHandler ["http-nio-8091"]
25-06-16.16:11:43.513 [main            ] INFO  TomcatWebServer        - Tomcat started on port(s): 8091 (http) with context path ''
25-06-16.16:11:43.518 [main            ] INFO  Application            - Started Application in 2.473 seconds (JVM running for 2.852)
25-06-16.16:14:27.767 [http-nio-8091-exec-1] INFO  [/]                    - Initializing Spring DispatcherServlet 'dispatcherServlet'
25-06-16.16:14:27.768 [http-nio-8091-exec-1] INFO  DispatcherServlet      - Initializing Servlet 'dispatcherServlet'
25-06-16.16:14:27.769 [http-nio-8091-exec-1] INFO  DispatcherServlet      - Completed initialization in 1 ms
25-06-16.16:19:47.896 [main            ] INFO  Application            - Starting Application using Java 1.8.0_451 on paida with PID 10008 (E:\测试\实训阶段1\Online-shopping-system\Online-shopping-system-app\target\classes started by 86183 in E:\测试\实训阶段1\Online-shopping-system)
25-06-16.16:19:47.905 [main            ] INFO  Application            - The following 1 profile is active: "dev"
25-06-16.16:19:49.768 [main            ] INFO  TomcatWebServer        - Tomcat initialized with port(s): 8091 (http)
25-06-16.16:19:49.778 [main            ] INFO  Http11NioProtocol      - Initializing ProtocolHandler ["http-nio-8091"]
25-06-16.16:19:49.778 [main            ] INFO  StandardService        - Starting service [Tomcat]
25-06-16.16:19:49.778 [main            ] INFO  StandardEngine         - Starting Servlet engine: [Apache Tomcat/9.0.75]
25-06-16.16:19:49.948 [main            ] INFO  [/]                    - Initializing Spring embedded WebApplicationContext
25-06-16.16:19:49.948 [main            ] INFO  ServletWebServerApplicationContext - Root WebApplicationContext: initialization completed in 1973 ms
25-06-16.16:19:50.517 [main            ] INFO  Http11NioProtocol      - Starting ProtocolHandler ["http-nio-8091"]
25-06-16.16:19:50.535 [main            ] INFO  TomcatWebServer        - Tomcat started on port(s): 8091 (http) with context path ''
25-06-16.16:19:50.541 [main            ] INFO  Application            - Started Application in 3.596 seconds (JVM running for 4.276)
25-06-16.16:21:25.503 [main            ] INFO  Application            - Starting Application using Java 1.8.0_451 on paida with PID 22732 (E:\测试\实训阶段1\Online-shopping-system\Online-shopping-system-app\target\classes started by 86183 in E:\测试\实训阶段1\Online-shopping-system)
25-06-16.16:21:25.509 [main            ] INFO  Application            - The following 1 profile is active: "dev"
25-06-16.16:21:27.595 [main            ] INFO  TomcatWebServer        - Tomcat initialized with port(s): 8091 (http)
25-06-16.16:21:27.604 [main            ] INFO  Http11NioProtocol      - Initializing ProtocolHandler ["http-nio-8091"]
25-06-16.16:21:27.604 [main            ] INFO  StandardService        - Starting service [Tomcat]
25-06-16.16:21:27.604 [main            ] INFO  StandardEngine         - Starting Servlet engine: [Apache Tomcat/9.0.75]
25-06-16.16:21:27.780 [main            ] INFO  [/]                    - Initializing Spring embedded WebApplicationContext
25-06-16.16:21:27.780 [main            ] INFO  ServletWebServerApplicationContext - Root WebApplicationContext: initialization completed in 2211 ms
25-06-16.16:21:28.281 [main            ] INFO  Http11NioProtocol      - Starting ProtocolHandler ["http-nio-8091"]
25-06-16.16:21:28.301 [main            ] INFO  TomcatWebServer        - Tomcat started on port(s): 8091 (http) with context path ''
25-06-16.16:21:28.307 [main            ] INFO  Application            - Started Application in 3.646 seconds (JVM running for 4.255)
25-06-16.16:25:34.217 [main            ] INFO  Application            - Starting Application using Java 1.8.0_451 on paida with PID 26400 (E:\测试\实训阶段1\Online-shopping-system\Online-shopping-system-app\target\classes started by 86183 in E:\测试\实训阶段1\Online-shopping-system)
25-06-16.16:25:34.220 [main            ] INFO  Application            - The following 1 profile is active: "dev"
25-06-16.16:25:35.515 [main            ] INFO  TomcatWebServer        - Tomcat initialized with port(s): 8091 (http)
25-06-16.16:25:35.522 [main            ] INFO  Http11NioProtocol      - Initializing ProtocolHandler ["http-nio-8091"]
25-06-16.16:25:35.522 [main            ] INFO  StandardService        - Starting service [Tomcat]
25-06-16.16:25:35.522 [main            ] INFO  StandardEngine         - Starting Servlet engine: [Apache Tomcat/9.0.75]
25-06-16.16:25:35.649 [main            ] INFO  [/]                    - Initializing Spring embedded WebApplicationContext
25-06-16.16:25:35.649 [main            ] INFO  ServletWebServerApplicationContext - Root WebApplicationContext: initialization completed in 1399 ms
25-06-16.16:25:36.057 [main            ] INFO  Http11NioProtocol      - Starting ProtocolHandler ["http-nio-8091"]
25-06-16.16:25:36.069 [main            ] INFO  TomcatWebServer        - Tomcat started on port(s): 8091 (http) with context path ''
25-06-16.16:25:36.073 [main            ] INFO  Application            - Started Application in 2.256 seconds (JVM running for 2.592)
25-06-16.16:26:03.113 [http-nio-8091-exec-1] INFO  [/]                    - Initializing Spring DispatcherServlet 'dispatcherServlet'
25-06-16.16:26:03.113 [http-nio-8091-exec-1] INFO  DispatcherServlet      - Initializing Servlet 'dispatcherServlet'
25-06-16.16:26:03.113 [http-nio-8091-exec-1] INFO  DispatcherServlet      - Completed initialization in 0 ms
25-06-16.16:30:03.484 [main            ] INFO  Application            - Starting Application using Java 1.8.0_451 on paida with PID 24896 (E:\测试\实训阶段1\Online-shopping-system\Online-shopping-system-app\target\classes started by 86183 in E:\测试\实训阶段1\Online-shopping-system)
25-06-16.16:30:03.489 [main            ] INFO  Application            - The following 1 profile is active: "dev"
25-06-16.16:30:05.151 [main            ] INFO  TomcatWebServer        - Tomcat initialized with port(s): 8091 (http)
25-06-16.16:30:05.159 [main            ] INFO  Http11NioProtocol      - Initializing ProtocolHandler ["http-nio-8091"]
25-06-16.16:30:05.160 [main            ] INFO  StandardService        - Starting service [Tomcat]
25-06-16.16:30:05.160 [main            ] INFO  StandardEngine         - Starting Servlet engine: [Apache Tomcat/9.0.75]
25-06-16.16:30:05.317 [main            ] INFO  [/]                    - Initializing Spring embedded WebApplicationContext
25-06-16.16:30:05.317 [main            ] INFO  ServletWebServerApplicationContext - Root WebApplicationContext: initialization completed in 1773 ms
25-06-16.16:30:05.782 [main            ] INFO  Http11NioProtocol      - Starting ProtocolHandler ["http-nio-8091"]
25-06-16.16:30:05.796 [main            ] INFO  TomcatWebServer        - Tomcat started on port(s): 8091 (http) with context path ''
25-06-16.16:30:05.801 [main            ] INFO  Application            - Started Application in 2.957 seconds (JVM running for 3.46)
25-06-16.16:30:40.385 [http-nio-8091-exec-3] INFO  [/]                    - Initializing Spring DispatcherServlet 'dispatcherServlet'
25-06-16.16:30:40.386 [http-nio-8091-exec-3] INFO  DispatcherServlet      - Initializing Servlet 'dispatcherServlet'
25-06-16.16:30:40.386 [http-nio-8091-exec-3] INFO  DispatcherServlet      - Completed initialization in 0 ms
25-06-16.16:36:35.893 [main            ] INFO  Application            - Starting Application using Java 1.8.0_451 on paida with PID 14800 (E:\测试\实训阶段1\Online-shopping-system\Online-shopping-system-app\target\classes started by 86183 in E:\测试\实训阶段1\Online-shopping-system)
25-06-16.16:36:35.895 [main            ] INFO  Application            - The following 1 profile is active: "dev"
25-06-16.16:36:37.103 [main            ] INFO  TomcatWebServer        - Tomcat initialized with port(s): 8091 (http)
25-06-16.16:36:37.109 [main            ] INFO  Http11NioProtocol      - Initializing ProtocolHandler ["http-nio-8091"]
25-06-16.16:36:37.110 [main            ] INFO  StandardService        - Starting service [Tomcat]
25-06-16.16:36:37.110 [main            ] INFO  StandardEngine         - Starting Servlet engine: [Apache Tomcat/9.0.75]
25-06-16.16:36:37.230 [main            ] INFO  [/]                    - Initializing Spring embedded WebApplicationContext
25-06-16.16:36:37.231 [main            ] INFO  ServletWebServerApplicationContext - Root WebApplicationContext: initialization completed in 1304 ms
25-06-16.16:36:37.400 [main            ] WARN  AnnotationConfigServletWebServerApplicationContext - Exception encountered during context initialization - cancelling refresh attempt: org.springframework.beans.factory.BeanCreationException: Error creating bean with name 'userController': Injection of resource dependencies failed; nested exception is org.springframework.beans.factory.BeanCreationException: Error creating bean with name 'userDomainService': Injection of resource dependencies failed; nested exception is org.springframework.beans.factory.BeanCreationException: Error creating bean with name 'userRepositoryImpl': Injection of resource dependencies failed; nested exception is org.springframework.beans.factory.UnsatisfiedDependencyException: Error creating bean with name 'IUserDao' defined in file [E:\测试\实训阶段1\Online-shopping-system\Online-shopping-system-infrastructure\target\classes\org\example\infrastructure\dao\IUserDao.class]: Unsatisfied dependency expressed through bean property 'sqlSessionFactory'; nested exception is org.springframework.beans.factory.BeanCreationException: Error creating bean with name 'sqlSessionFactory' defined in class path resource [org/mybatis/spring/boot/autoconfigure/MybatisAutoConfiguration.class]: Bean instantiation via factory method failed; nested exception is org.springframework.beans.BeanInstantiationException: Failed to instantiate [org.apache.ibatis.session.SqlSessionFactory]: Factory method 'sqlSessionFactory' threw exception; nested exception is org.springframework.core.NestedIOException: Failed to parse mapping resource: 'file [E:\测试\实训阶段1\Online-shopping-system\Online-shopping-system-app\target\classes\mybatis\mapper\frame_case_mapper.xml]'; nested exception is org.apache.ibatis.builder.BuilderException: Error parsing Mapper XML. The XML location is 'file [E:\测试\实训阶段1\Online-shopping-system\Online-shopping-system-app\target\classes\mybatis\mapper\frame_case_mapper.xml]'. Cause: org.apache.ibatis.builder.BuilderException: Error resolving class. Cause: org.apache.ibatis.type.TypeException: Could not resolve type alias 'org.example.infrastructure.persistent.po.A'.  Cause: java.lang.ClassNotFoundException: Cannot find class: org.example.infrastructure.persistent.po.A
25-06-16.16:36:37.402 [main            ] INFO  StandardService        - Stopping service [Tomcat]
25-06-16.16:36:37.407 [main            ] INFO  ConditionEvaluationReportLoggingListener - 

Error starting ApplicationContext. To display the conditions report re-run your application with 'debug' enabled.
25-06-16.16:36:37.429 [main            ] ERROR SpringApplication      - Application run failed
org.springframework.beans.factory.BeanCreationException: Error creating bean with name 'userController': Injection of resource dependencies failed; nested exception is org.springframework.beans.factory.BeanCreationException: Error creating bean with name 'userDomainService': Injection of resource dependencies failed; nested exception is org.springframework.beans.factory.BeanCreationException: Error creating bean with name 'userRepositoryImpl': Injection of resource dependencies failed; nested exception is org.springframework.beans.factory.UnsatisfiedDependencyException: Error creating bean with name 'IUserDao' defined in file [E:\测试\实训阶段1\Online-shopping-system\Online-shopping-system-infrastructure\target\classes\org\example\infrastructure\dao\IUserDao.class]: Unsatisfied dependency expressed through bean property 'sqlSessionFactory'; nested exception is org.springframework.beans.factory.BeanCreationException: Error creating bean with name 'sqlSessionFactory' defined in class path resource [org/mybatis/spring/boot/autoconfigure/MybatisAutoConfiguration.class]: Bean instantiation via factory method failed; nested exception is org.springframework.beans.BeanInstantiationException: Failed to instantiate [org.apache.ibatis.session.SqlSessionFactory]: Factory method 'sqlSessionFactory' threw exception; nested exception is org.springframework.core.NestedIOException: Failed to parse mapping resource: 'file [E:\测试\实训阶段1\Online-shopping-system\Online-shopping-system-app\target\classes\mybatis\mapper\frame_case_mapper.xml]'; nested exception is org.apache.ibatis.builder.BuilderException: Error parsing Mapper XML. The XML location is 'file [E:\测试\实训阶段1\Online-shopping-system\Online-shopping-system-app\target\classes\mybatis\mapper\frame_case_mapper.xml]'. Cause: org.apache.ibatis.builder.BuilderException: Error resolving class. Cause: org.apache.ibatis.type.TypeException: Could not resolve type alias 'org.example.infrastructure.persistent.po.A'.  Cause: java.lang.ClassNotFoundException: Cannot find class: org.example.infrastructure.persistent.po.A
	at org.springframework.context.annotation.CommonAnnotationBeanPostProcessor.postProcessProperties(CommonAnnotationBeanPostProcessor.java:332)
	at org.springframework.beans.factory.support.AbstractAutowireCapableBeanFactory.populateBean(AbstractAutowireCapableBeanFactory.java:1431)
	at org.springframework.beans.factory.support.AbstractAutowireCapableBeanFactory.doCreateBean(AbstractAutowireCapableBeanFactory.java:619)
	at org.springframework.beans.factory.support.AbstractAutowireCapableBeanFactory.createBean(AbstractAutowireCapableBeanFactory.java:542)
	at org.springframework.beans.factory.support.AbstractBeanFactory.lambda$doGetBean$0(AbstractBeanFactory.java:335)
	at org.springframework.beans.factory.support.DefaultSingletonBeanRegistry.getSingleton(DefaultSingletonBeanRegistry.java:234)
	at org.springframework.beans.factory.support.AbstractBeanFactory.doGetBean(AbstractBeanFactory.java:333)
	at org.springframework.beans.factory.support.AbstractBeanFactory.getBean(AbstractBeanFactory.java:208)
	at org.springframework.beans.factory.support.DefaultListableBeanFactory.preInstantiateSingletons(DefaultListableBeanFactory.java:955)
	at org.springframework.context.support.AbstractApplicationContext.finishBeanFactoryInitialization(AbstractApplicationContext.java:920)
	at org.springframework.context.support.AbstractApplicationContext.refresh(AbstractApplicationContext.java:583)
	at org.springframework.boot.web.servlet.context.ServletWebServerApplicationContext.refresh(ServletWebServerApplicationContext.java:147)
	at org.springframework.boot.SpringApplication.refresh(SpringApplication.java:731)
	at org.springframework.boot.SpringApplication.refreshContext(SpringApplication.java:408)
	at org.springframework.boot.SpringApplication.run(SpringApplication.java:307)
	at org.springframework.boot.SpringApplication.run(SpringApplication.java:1303)
	at org.springframework.boot.SpringApplication.run(SpringApplication.java:1292)
	at org.example.Application.main(Application.java:12)
Caused by: org.springframework.beans.factory.BeanCreationException: Error creating bean with name 'userDomainService': Injection of resource dependencies failed; nested exception is org.springframework.beans.factory.BeanCreationException: Error creating bean with name 'userRepositoryImpl': Injection of resource dependencies failed; nested exception is org.springframework.beans.factory.UnsatisfiedDependencyException: Error creating bean with name 'IUserDao' defined in file [E:\测试\实训阶段1\Online-shopping-system\Online-shopping-system-infrastructure\target\classes\org\example\infrastructure\dao\IUserDao.class]: Unsatisfied dependency expressed through bean property 'sqlSessionFactory'; nested exception is org.springframework.beans.factory.BeanCreationException: Error creating bean with name 'sqlSessionFactory' defined in class path resource [org/mybatis/spring/boot/autoconfigure/MybatisAutoConfiguration.class]: Bean instantiation via factory method failed; nested exception is org.springframework.beans.BeanInstantiationException: Failed to instantiate [org.apache.ibatis.session.SqlSessionFactory]: Factory method 'sqlSessionFactory' threw exception; nested exception is org.springframework.core.NestedIOException: Failed to parse mapping resource: 'file [E:\测试\实训阶段1\Online-shopping-system\Online-shopping-system-app\target\classes\mybatis\mapper\frame_case_mapper.xml]'; nested exception is org.apache.ibatis.builder.BuilderException: Error parsing Mapper XML. The XML location is 'file [E:\测试\实训阶段1\Online-shopping-system\Online-shopping-system-app\target\classes\mybatis\mapper\frame_case_mapper.xml]'. Cause: org.apache.ibatis.builder.BuilderException: Error resolving class. Cause: org.apache.ibatis.type.TypeException: Could not resolve type alias 'org.example.infrastructure.persistent.po.A'.  Cause: java.lang.ClassNotFoundException: Cannot find class: org.example.infrastructure.persistent.po.A
	at org.springframework.context.annotation.CommonAnnotationBeanPostProcessor.postProcessProperties(CommonAnnotationBeanPostProcessor.java:332)
	at org.springframework.beans.factory.support.AbstractAutowireCapableBeanFactory.populateBean(AbstractAutowireCapableBeanFactory.java:1431)
	at org.springframework.beans.factory.support.AbstractAutowireCapableBeanFactory.doCreateBean(AbstractAutowireCapableBeanFactory.java:619)
	at org.springframework.beans.factory.support.AbstractAutowireCapableBeanFactory.createBean(AbstractAutowireCapableBeanFactory.java:542)
	at org.springframework.beans.factory.support.AbstractBeanFactory.lambda$doGetBean$0(AbstractBeanFactory.java:335)
	at org.springframework.beans.factory.support.DefaultSingletonBeanRegistry.getSingleton(DefaultSingletonBeanRegistry.java:234)
	at org.springframework.beans.factory.support.AbstractBeanFactory.doGetBean(AbstractBeanFactory.java:333)
	at org.springframework.beans.factory.support.AbstractBeanFactory.getBean(AbstractBeanFactory.java:213)
	at org.springframework.beans.factory.support.AbstractAutowireCapableBeanFactory.resolveBeanByName(AbstractAutowireCapableBeanFactory.java:479)
	at org.springframework.context.annotation.CommonAnnotationBeanPostProcessor.autowireResource(CommonAnnotationBeanPostProcessor.java:550)
	at org.springframework.context.annotation.CommonAnnotationBeanPostProcessor.getResource(CommonAnnotationBeanPostProcessor.java:520)
	at org.springframework.context.annotation.CommonAnnotationBeanPostProcessor$ResourceElement.getResourceToInject(CommonAnnotationBeanPostProcessor.java:673)
	at org.springframework.beans.factory.annotation.InjectionMetadata$InjectedElement.inject(InjectionMetadata.java:228)
	at org.springframework.beans.factory.annotation.InjectionMetadata.inject(InjectionMetadata.java:119)
	at org.springframework.context.annotation.CommonAnnotationBeanPostProcessor.postProcessProperties(CommonAnnotationBeanPostProcessor.java:329)
	... 17 common frames omitted
Caused by: org.springframework.beans.factory.BeanCreationException: Error creating bean with name 'userRepositoryImpl': Injection of resource dependencies failed; nested exception is org.springframework.beans.factory.UnsatisfiedDependencyException: Error creating bean with name 'IUserDao' defined in file [E:\测试\实训阶段1\Online-shopping-system\Online-shopping-system-infrastructure\target\classes\org\example\infrastructure\dao\IUserDao.class]: Unsatisfied dependency expressed through bean property 'sqlSessionFactory'; nested exception is org.springframework.beans.factory.BeanCreationException: Error creating bean with name 'sqlSessionFactory' defined in class path resource [org/mybatis/spring/boot/autoconfigure/MybatisAutoConfiguration.class]: Bean instantiation via factory method failed; nested exception is org.springframework.beans.BeanInstantiationException: Failed to instantiate [org.apache.ibatis.session.SqlSessionFactory]: Factory method 'sqlSessionFactory' threw exception; nested exception is org.springframework.core.NestedIOException: Failed to parse mapping resource: 'file [E:\测试\实训阶段1\Online-shopping-system\Online-shopping-system-app\target\classes\mybatis\mapper\frame_case_mapper.xml]'; nested exception is org.apache.ibatis.builder.BuilderException: Error parsing Mapper XML. The XML location is 'file [E:\测试\实训阶段1\Online-shopping-system\Online-shopping-system-app\target\classes\mybatis\mapper\frame_case_mapper.xml]'. Cause: org.apache.ibatis.builder.BuilderException: Error resolving class. Cause: org.apache.ibatis.type.TypeException: Could not resolve type alias 'org.example.infrastructure.persistent.po.A'.  Cause: java.lang.ClassNotFoundException: Cannot find class: org.example.infrastructure.persistent.po.A
	at org.springframework.context.annotation.CommonAnnotationBeanPostProcessor.postProcessProperties(CommonAnnotationBeanPostProcessor.java:332)
	at org.springframework.beans.factory.support.AbstractAutowireCapableBeanFactory.populateBean(AbstractAutowireCapableBeanFactory.java:1431)
	at org.springframework.beans.factory.support.AbstractAutowireCapableBeanFactory.doCreateBean(AbstractAutowireCapableBeanFactory.java:619)
	at org.springframework.beans.factory.support.AbstractAutowireCapableBeanFactory.createBean(AbstractAutowireCapableBeanFactory.java:542)
	at org.springframework.beans.factory.support.AbstractBeanFactory.lambda$doGetBean$0(AbstractBeanFactory.java:335)
	at org.springframework.beans.factory.support.DefaultSingletonBeanRegistry.getSingleton(DefaultSingletonBeanRegistry.java:234)
	at org.springframework.beans.factory.support.AbstractBeanFactory.doGetBean(AbstractBeanFactory.java:333)
	at org.springframework.beans.factory.support.AbstractBeanFactory.getBean(AbstractBeanFactory.java:208)
	at org.springframework.beans.factory.config.DependencyDescriptor.resolveCandidate(DependencyDescriptor.java:276)
	at org.springframework.beans.factory.support.DefaultListableBeanFactory.doResolveDependency(DefaultListableBeanFactory.java:1391)
	at org.springframework.beans.factory.support.DefaultListableBeanFactory.resolveDependency(DefaultListableBeanFactory.java:1311)
	at org.springframework.context.annotation.CommonAnnotationBeanPostProcessor.autowireResource(CommonAnnotationBeanPostProcessor.java:544)
	at org.springframework.context.annotation.CommonAnnotationBeanPostProcessor.getResource(CommonAnnotationBeanPostProcessor.java:520)
	at org.springframework.context.annotation.CommonAnnotationBeanPostProcessor$ResourceElement.getResourceToInject(CommonAnnotationBeanPostProcessor.java:673)
	at org.springframework.beans.factory.annotation.InjectionMetadata$InjectedElement.inject(InjectionMetadata.java:228)
	at org.springframework.beans.factory.annotation.InjectionMetadata.inject(InjectionMetadata.java:119)
	at org.springframework.context.annotation.CommonAnnotationBeanPostProcessor.postProcessProperties(CommonAnnotationBeanPostProcessor.java:329)
	... 31 common frames omitted
Caused by: org.springframework.beans.factory.UnsatisfiedDependencyException: Error creating bean with name 'IUserDao' defined in file [E:\测试\实训阶段1\Online-shopping-system\Online-shopping-system-infrastructure\target\classes\org\example\infrastructure\dao\IUserDao.class]: Unsatisfied dependency expressed through bean property 'sqlSessionFactory'; nested exception is org.springframework.beans.factory.BeanCreationException: Error creating bean with name 'sqlSessionFactory' defined in class path resource [org/mybatis/spring/boot/autoconfigure/MybatisAutoConfiguration.class]: Bean instantiation via factory method failed; nested exception is org.springframework.beans.BeanInstantiationException: Failed to instantiate [org.apache.ibatis.session.SqlSessionFactory]: Factory method 'sqlSessionFactory' threw exception; nested exception is org.springframework.core.NestedIOException: Failed to parse mapping resource: 'file [E:\测试\实训阶段1\Online-shopping-system\Online-shopping-system-app\target\classes\mybatis\mapper\frame_case_mapper.xml]'; nested exception is org.apache.ibatis.builder.BuilderException: Error parsing Mapper XML. The XML location is 'file [E:\测试\实训阶段1\Online-shopping-system\Online-shopping-system-app\target\classes\mybatis\mapper\frame_case_mapper.xml]'. Cause: org.apache.ibatis.builder.BuilderException: Error resolving class. Cause: org.apache.ibatis.type.TypeException: Could not resolve type alias 'org.example.infrastructure.persistent.po.A'.  Cause: java.lang.ClassNotFoundException: Cannot find class: org.example.infrastructure.persistent.po.A
	at org.springframework.beans.factory.support.AbstractAutowireCapableBeanFactory.autowireByType(AbstractAutowireCapableBeanFactory.java:1534)
	at org.springframework.beans.factory.support.AbstractAutowireCapableBeanFactory.populateBean(AbstractAutowireCapableBeanFactory.java:1417)
	at org.springframework.beans.factory.support.AbstractAutowireCapableBeanFactory.doCreateBean(AbstractAutowireCapableBeanFactory.java:619)
	at org.springframework.beans.factory.support.AbstractAutowireCapableBeanFactory.createBean(AbstractAutowireCapableBeanFactory.java:542)
	at org.springframework.beans.factory.support.AbstractBeanFactory.lambda$doGetBean$0(AbstractBeanFactory.java:335)
	at org.springframework.beans.factory.support.DefaultSingletonBeanRegistry.getSingleton(DefaultSingletonBeanRegistry.java:234)
	at org.springframework.beans.factory.support.AbstractBeanFactory.doGetBean(AbstractBeanFactory.java:333)
	at org.springframework.beans.factory.support.AbstractBeanFactory.getBean(AbstractBeanFactory.java:208)
	at org.springframework.beans.factory.config.DependencyDescriptor.resolveCandidate(DependencyDescriptor.java:276)
	at org.springframework.beans.factory.support.DefaultListableBeanFactory.doResolveDependency(DefaultListableBeanFactory.java:1391)
	at org.springframework.beans.factory.support.DefaultListableBeanFactory.resolveDependency(DefaultListableBeanFactory.java:1311)
	at org.springframework.context.annotation.CommonAnnotationBeanPostProcessor.autowireResource(CommonAnnotationBeanPostProcessor.java:544)
	at org.springframework.context.annotation.CommonAnnotationBeanPostProcessor.getResource(CommonAnnotationBeanPostProcessor.java:520)
	at org.springframework.context.annotation.CommonAnnotationBeanPostProcessor$ResourceElement.getResourceToInject(CommonAnnotationBeanPostProcessor.java:673)
	at org.springframework.beans.factory.annotation.InjectionMetadata$InjectedElement.inject(InjectionMetadata.java:228)
	at org.springframework.beans.factory.annotation.InjectionMetadata.inject(InjectionMetadata.java:119)
	at org.springframework.context.annotation.CommonAnnotationBeanPostProcessor.postProcessProperties(CommonAnnotationBeanPostProcessor.java:329)
	... 47 common frames omitted
Caused by: org.springframework.beans.factory.BeanCreationException: Error creating bean with name 'sqlSessionFactory' defined in class path resource [org/mybatis/spring/boot/autoconfigure/MybatisAutoConfiguration.class]: Bean instantiation via factory method failed; nested exception is org.springframework.beans.BeanInstantiationException: Failed to instantiate [org.apache.ibatis.session.SqlSessionFactory]: Factory method 'sqlSessionFactory' threw exception; nested exception is org.springframework.core.NestedIOException: Failed to parse mapping resource: 'file [E:\测试\实训阶段1\Online-shopping-system\Online-shopping-system-app\target\classes\mybatis\mapper\frame_case_mapper.xml]'; nested exception is org.apache.ibatis.builder.BuilderException: Error parsing Mapper XML. The XML location is 'file [E:\测试\实训阶段1\Online-shopping-system\Online-shopping-system-app\target\classes\mybatis\mapper\frame_case_mapper.xml]'. Cause: org.apache.ibatis.builder.BuilderException: Error resolving class. Cause: org.apache.ibatis.type.TypeException: Could not resolve type alias 'org.example.infrastructure.persistent.po.A'.  Cause: java.lang.ClassNotFoundException: Cannot find class: org.example.infrastructure.persistent.po.A
	at org.springframework.beans.factory.support.ConstructorResolver.instantiate(ConstructorResolver.java:658)
	at org.springframework.beans.factory.support.ConstructorResolver.instantiateUsingFactoryMethod(ConstructorResolver.java:638)
	at org.springframework.beans.factory.support.AbstractAutowireCapableBeanFactory.instantiateUsingFactoryMethod(AbstractAutowireCapableBeanFactory.java:1352)
	at org.springframework.beans.factory.support.AbstractAutowireCapableBeanFactory.createBeanInstance(AbstractAutowireCapableBeanFactory.java:1195)
	at org.springframework.beans.factory.support.AbstractAutowireCapableBeanFactory.doCreateBean(AbstractAutowireCapableBeanFactory.java:582)
	at org.springframework.beans.factory.support.AbstractAutowireCapableBeanFactory.createBean(AbstractAutowireCapableBeanFactory.java:542)
	at org.springframework.beans.factory.support.AbstractBeanFactory.lambda$doGetBean$0(AbstractBeanFactory.java:335)
	at org.springframework.beans.factory.support.DefaultSingletonBeanRegistry.getSingleton(DefaultSingletonBeanRegistry.java:234)
	at org.springframework.beans.factory.support.AbstractBeanFactory.doGetBean(AbstractBeanFactory.java:333)
	at org.springframework.beans.factory.support.AbstractBeanFactory.getBean(AbstractBeanFactory.java:208)
	at org.springframework.beans.factory.config.DependencyDescriptor.resolveCandidate(DependencyDescriptor.java:276)
	at org.springframework.beans.factory.support.DefaultListableBeanFactory.doResolveDependency(DefaultListableBeanFactory.java:1391)
	at org.springframework.beans.factory.support.DefaultListableBeanFactory.resolveDependency(DefaultListableBeanFactory.java:1311)
	at org.springframework.beans.factory.support.AbstractAutowireCapableBeanFactory.autowireByType(AbstractAutowireCapableBeanFactory.java:1519)
	... 63 common frames omitted
Caused by: org.springframework.beans.BeanInstantiationException: Failed to instantiate [org.apache.ibatis.session.SqlSessionFactory]: Factory method 'sqlSessionFactory' threw exception; nested exception is org.springframework.core.NestedIOException: Failed to parse mapping resource: 'file [E:\测试\实训阶段1\Online-shopping-system\Online-shopping-system-app\target\classes\mybatis\mapper\frame_case_mapper.xml]'; nested exception is org.apache.ibatis.builder.BuilderException: Error parsing Mapper XML. The XML location is 'file [E:\测试\实训阶段1\Online-shopping-system\Online-shopping-system-app\target\classes\mybatis\mapper\frame_case_mapper.xml]'. Cause: org.apache.ibatis.builder.BuilderException: Error resolving class. Cause: org.apache.ibatis.type.TypeException: Could not resolve type alias 'org.example.infrastructure.persistent.po.A'.  Cause: java.lang.ClassNotFoundException: Cannot find class: org.example.infrastructure.persistent.po.A
	at org.springframework.beans.factory.support.SimpleInstantiationStrategy.instantiate(SimpleInstantiationStrategy.java:185)
	at org.springframework.beans.factory.support.ConstructorResolver.instantiate(ConstructorResolver.java:653)
	... 76 common frames omitted
Caused by: org.springframework.core.NestedIOException: Failed to parse mapping resource: 'file [E:\测试\实训阶段1\Online-shopping-system\Online-shopping-system-app\target\classes\mybatis\mapper\frame_case_mapper.xml]'; nested exception is org.apache.ibatis.builder.BuilderException: Error parsing Mapper XML. The XML location is 'file [E:\测试\实训阶段1\Online-shopping-system\Online-shopping-system-app\target\classes\mybatis\mapper\frame_case_mapper.xml]'. Cause: org.apache.ibatis.builder.BuilderException: Error resolving class. Cause: org.apache.ibatis.type.TypeException: Could not resolve type alias 'org.example.infrastructure.persistent.po.A'.  Cause: java.lang.ClassNotFoundException: Cannot find class: org.example.infrastructure.persistent.po.A
	at org.mybatis.spring.SqlSessionFactoryBean.buildSqlSessionFactory(SqlSessionFactoryBean.java:613)
	at org.mybatis.spring.SqlSessionFactoryBean.afterPropertiesSet(SqlSessionFactoryBean.java:491)
	at org.mybatis.spring.SqlSessionFactoryBean.getObject(SqlSessionFactoryBean.java:633)
	at org.mybatis.spring.boot.autoconfigure.MybatisAutoConfiguration.sqlSessionFactory(MybatisAutoConfiguration.java:179)
	at org.mybatis.spring.boot.autoconfigure.MybatisAutoConfiguration$$EnhancerBySpringCGLIB$$1c2cc4ec.CGLIB$sqlSessionFactory$1(<generated>)
	at org.mybatis.spring.boot.autoconfigure.MybatisAutoConfiguration$$EnhancerBySpringCGLIB$$1c2cc4ec$$FastClassBySpringCGLIB$$8100ed80.invoke(<generated>)
	at org.springframework.cglib.proxy.MethodProxy.invokeSuper(MethodProxy.java:244)
	at org.springframework.context.annotation.ConfigurationClassEnhancer$BeanMethodInterceptor.intercept(ConfigurationClassEnhancer.java:331)
	at org.mybatis.spring.boot.autoconfigure.MybatisAutoConfiguration$$EnhancerBySpringCGLIB$$1c2cc4ec.sqlSessionFactory(<generated>)
	at sun.reflect.NativeMethodAccessorImpl.invoke0(Native Method)
	at sun.reflect.NativeMethodAccessorImpl.invoke(NativeMethodAccessorImpl.java:62)
	at sun.reflect.DelegatingMethodAccessorImpl.invoke(DelegatingMethodAccessorImpl.java:43)
	at java.lang.reflect.Method.invoke(Method.java:498)
	at org.springframework.beans.factory.support.SimpleInstantiationStrategy.instantiate(SimpleInstantiationStrategy.java:154)
	... 77 common frames omitted
Caused by: org.apache.ibatis.builder.BuilderException: Error parsing Mapper XML. The XML location is 'file [E:\测试\实训阶段1\Online-shopping-system\Online-shopping-system-app\target\classes\mybatis\mapper\frame_case_mapper.xml]'. Cause: org.apache.ibatis.builder.BuilderException: Error resolving class. Cause: org.apache.ibatis.type.TypeException: Could not resolve type alias 'org.example.infrastructure.persistent.po.A'.  Cause: java.lang.ClassNotFoundException: Cannot find class: org.example.infrastructure.persistent.po.A
	at org.apache.ibatis.builder.xml.XMLMapperBuilder.configurationElement(XMLMapperBuilder.java:123)
	at org.apache.ibatis.builder.xml.XMLMapperBuilder.parse(XMLMapperBuilder.java:95)
	at org.mybatis.spring.SqlSessionFactoryBean.buildSqlSessionFactory(SqlSessionFactoryBean.java:611)
	... 90 common frames omitted
Caused by: org.apache.ibatis.builder.BuilderException: Error resolving class. Cause: org.apache.ibatis.type.TypeException: Could not resolve type alias 'org.example.infrastructure.persistent.po.A'.  Cause: java.lang.ClassNotFoundException: Cannot find class: org.example.infrastructure.persistent.po.A
	at org.apache.ibatis.builder.BaseBuilder.resolveClass(BaseBuilder.java:118)
	at org.apache.ibatis.builder.xml.XMLMapperBuilder.resultMapElement(XMLMapperBuilder.java:263)
	at org.apache.ibatis.builder.xml.XMLMapperBuilder.resultMapElement(XMLMapperBuilder.java:254)
	at org.apache.ibatis.builder.xml.XMLMapperBuilder.resultMapElements(XMLMapperBuilder.java:246)
	at org.apache.ibatis.builder.xml.XMLMapperBuilder.configurationElement(XMLMapperBuilder.java:119)
	... 92 common frames omitted
Caused by: org.apache.ibatis.type.TypeException: Could not resolve type alias 'org.example.infrastructure.persistent.po.A'.  Cause: java.lang.ClassNotFoundException: Cannot find class: org.example.infrastructure.persistent.po.A
	at org.apache.ibatis.type.TypeAliasRegistry.resolveAlias(TypeAliasRegistry.java:120)
	at org.apache.ibatis.builder.BaseBuilder.resolveAlias(BaseBuilder.java:149)
	at org.apache.ibatis.builder.BaseBuilder.resolveClass(BaseBuilder.java:116)
	... 96 common frames omitted
Caused by: java.lang.ClassNotFoundException: Cannot find class: org.example.infrastructure.persistent.po.A
	at org.apache.ibatis.io.ClassLoaderWrapper.classForName(ClassLoaderWrapper.java:196)
	at org.apache.ibatis.io.ClassLoaderWrapper.classForName(ClassLoaderWrapper.java:89)
	at org.apache.ibatis.io.Resources.classForName(Resources.java:261)
	at org.apache.ibatis.type.TypeAliasRegistry.resolveAlias(TypeAliasRegistry.java:116)
	... 98 common frames omitted
25-06-16.16:42:12.802 [main            ] INFO  Application            - Starting Application using Java 1.8.0_451 on paida with PID 27000 (E:\测试\实训阶段1\Online-shopping-system\Online-shopping-system-app\target\classes started by 86183 in E:\测试\实训阶段1\Online-shopping-system)
25-06-16.16:42:12.808 [main            ] INFO  Application            - The following 1 profile is active: "dev"
25-06-16.16:42:15.573 [main            ] INFO  TomcatWebServer        - Tomcat initialized with port(s): 8091 (http)
25-06-16.16:42:15.588 [main            ] INFO  Http11NioProtocol      - Initializing ProtocolHandler ["http-nio-8091"]
25-06-16.16:42:15.589 [main            ] INFO  StandardService        - Starting service [Tomcat]
25-06-16.16:42:15.589 [main            ] INFO  StandardEngine         - Starting Servlet engine: [Apache Tomcat/9.0.75]
25-06-16.16:42:15.798 [main            ] INFO  [/]                    - Initializing Spring embedded WebApplicationContext
25-06-16.16:42:15.798 [main            ] INFO  ServletWebServerApplicationContext - Root WebApplicationContext: initialization completed in 2912 ms
25-06-16.16:42:16.564 [main            ] INFO  Http11NioProtocol      - Starting ProtocolHandler ["http-nio-8091"]
25-06-16.16:42:16.583 [main            ] INFO  TomcatWebServer        - Tomcat started on port(s): 8091 (http) with context path ''
25-06-16.16:42:16.592 [main            ] INFO  Application            - Started Application in 4.757 seconds (JVM running for 6.05)
25-06-16.16:42:23.178 [http-nio-8091-exec-6] INFO  [/]                    - Initializing Spring DispatcherServlet 'dispatcherServlet'
25-06-16.16:42:23.178 [http-nio-8091-exec-6] INFO  DispatcherServlet      - Initializing Servlet 'dispatcherServlet'
25-06-16.16:42:23.179 [http-nio-8091-exec-6] INFO  DispatcherServlet      - Completed initialization in 1 ms
25-06-16.16:42:23.373 [http-nio-8091-exec-6] INFO  HikariDataSource       - HikariPool-1 - Starting...
25-06-16.16:42:26.754 [http-nio-8091-exec-6] INFO  HikariDataSource       - HikariPool-1 - Start completed.
25-06-16.16:43:17.516 [http-nio-8091-exec-10] WARN  DefaultHandlerExceptionResolver - Resolved [org.springframework.web.HttpRequestMethodNotSupportedException: Request method 'GET' not supported]
25-06-16.17:51:54.735 [HikariPool-1 housekeeper] WARN  HikariPool             - HikariPool-1 - Thread starvation or clock leap detected (housekeeper delta=24m27s194ms68µs900ns).
25-06-16.17:52:37.007 [SpringApplicationShutdownHook] INFO  HikariDataSource       - HikariPool-1 - Shutdown initiated...
25-06-16.17:52:37.023 [SpringApplicationShutdownHook] INFO  HikariDataSource       - HikariPool-1 - Shutdown completed.
25-06-16.18:03:08.227 [main            ] INFO  Application            - Starting Application using Java 1.8.0_451 on paida with PID 29612 (E:\测试\实训阶段1\Online-shopping-system\Online-shopping-system-app\target\classes started by 86183 in E:\测试\实训阶段1\Online-shopping-system)
25-06-16.18:03:08.232 [main            ] INFO  Application            - The following 1 profile is active: "dev"
25-06-16.18:03:11.203 [main            ] INFO  TomcatWebServer        - Tomcat initialized with port(s): 8091 (http)
25-06-16.18:03:11.219 [main            ] INFO  Http11NioProtocol      - Initializing ProtocolHandler ["http-nio-8091"]
25-06-16.18:03:11.219 [main            ] INFO  StandardService        - Starting service [Tomcat]
25-06-16.18:03:11.219 [main            ] INFO  StandardEngine         - Starting Servlet engine: [Apache Tomcat/9.0.75]
25-06-16.18:03:11.518 [main            ] INFO  [/]                    - Initializing Spring embedded WebApplicationContext
25-06-16.18:03:11.518 [main            ] INFO  ServletWebServerApplicationContext - Root WebApplicationContext: initialization completed in 3195 ms
25-06-16.18:03:12.615 [main            ] INFO  Http11NioProtocol      - Starting ProtocolHandler ["http-nio-8091"]
25-06-16.18:03:12.642 [main            ] INFO  TomcatWebServer        - Tomcat started on port(s): 8091 (http) with context path ''
25-06-16.18:03:12.650 [main            ] INFO  Application            - Started Application in 5.793 seconds (JVM running for 6.526)
25-06-16.18:06:35.727 [http-nio-8091-exec-2] INFO  [/]                    - Initializing Spring DispatcherServlet 'dispatcherServlet'
25-06-16.18:06:35.727 [http-nio-8091-exec-2] INFO  DispatcherServlet      - Initializing Servlet 'dispatcherServlet'
25-06-16.18:06:35.729 [http-nio-8091-exec-2] INFO  DispatcherServlet      - Completed initialization in 2 ms
25-06-16.18:06:35.855 [http-nio-8091-exec-2] INFO  HikariDataSource       - HikariPool-1 - Starting...
25-06-16.18:06:39.887 [http-nio-8091-exec-2] INFO  HikariDataSource       - HikariPool-1 - Start completed.
25-06-16.18:10:00.075 [SpringApplicationShutdownHook] INFO  HikariDataSource       - HikariPool-1 - Shutdown initiated...
25-06-16.18:10:00.100 [SpringApplicationShutdownHook] INFO  HikariDataSource       - HikariPool-1 - Shutdown completed.
